app/build/intermediates/manifest_merge_blame_file/debug/manifest-merger-blame-debug-report.txt
1<?xml version="1.0" encoding="utf-8"?>
2<manifest xmlns:android="http://schemas.android.com/apk/res/android"
3    package="com.example.cpgui"
4    android:versionCode="1"
5    android:versionName="1.0" >
6
7    <uses-sdk
8        android:minSdkVersion="21"
8-->src\main\AndroidManifest.xml
9        android:targetSdkVersion="29" />
9-->src\main\AndroidManifest.xml
10
11    <uses-permission android:name="android.permission.ACCESS_FINE_LOCATION" />
11-->src\main\AndroidManifest.xml:54:5-79
11-->src\main\AndroidManifest.xml:54:22-76
12    <uses-permission android:name="android.permission.ACCESS_NETWORK_STATE" />
12-->[com.google.firebase:firebase-database:16.0.4] AndroidManifest.xml:22:5-79
12-->[com.google.firebase:firebase-database:16.0.4] AndroidManifest.xml:22:22-76
13    <uses-permission android:name="android.permission.INTERNET" />
13-->[com.google.firebase:firebase-database:16.0.4] AndroidManifest.xml:23:5-67
13-->[com.google.firebase:firebase-database:16.0.4] AndroidManifest.xml:23:22-64
14
15    <uses-feature
15-->[com.google.android.gms:play-services-maps:16.1.0] AndroidManifest.xml:26:5-28:35
16        android:glEsVersion="0x00020000"
16-->[com.google.android.gms:play-services-maps:16.1.0] AndroidManifest.xml:27:9-41
17        android:required="true" />
17-->[com.google.android.gms:play-services-maps:16.1.0] AndroidManifest.xml:28:9-32
18
19    <application
19-->src\main\AndroidManifest.xml:5:5-52:19
20        android:allowBackup="true"
20-->src\main\AndroidManifest.xml:6:9-35
21        android:appComponentFactory="androidx.core.app.CoreComponentFactory"
21-->[androidx.core:core:1.0.1] AndroidManifest.xml:22:18-86
22        android:debuggable="true"
23        android:icon="@mipmap/coll_pool_logo"
23-->src\main\AndroidManifest.xml:7:9-46
24        android:label="Coll-Pool"
24-->src\main\AndroidManifest.xml:8:9-34
25        android:roundIcon="@mipmap/coll_pool_logo_round"
25-->src\main\AndroidManifest.xml:9:9-57
26        android:screenOrientation="portrait"
26-->src\main\AndroidManifest.xml:10:9-45
27        android:supportsRtl="true"
27-->src\main\AndroidManifest.xml:11:9-35
28        android:theme="@style/AppTheme" >
28-->src\main\AndroidManifest.xml:12:9-40
29        <activity android:name="com.example.cpgui.OneTimePass" />
29-->src\main\AndroidManifest.xml:13:9-58
29-->src\main\AndroidManifest.xml:13:19-46
30        <activity android:name="com.example.cpgui.Preference" />
30-->src\main\AndroidManifest.xml:14:9-48
30-->src\main\AndroidManifest.xml:14:19-45
31        <!--
32             The API key for Google Maps-based APIs is defined as a string resource.
33             (See the file "res/values/google_maps_api.xml").
34             Note that the API key is linked to the encryption key used to sign the APK.
35             You need a different API key for each encryption key, including the release key that is used to
36             sign the APK for publishing.
37             You can define the keys for the debug and release targets in src/debug/ and src/release/.
38        -->
39        <activity
39-->src\main\AndroidManifest.xml:23:9-26:52
40            android:name="com.example.cpgui.FinalSpace"
40-->src\main\AndroidManifest.xml:24:13-39
41            android:label="@string/title_activity_final_space"
41-->src\main\AndroidManifest.xml:25:13-63
42            android:screenOrientation="portrait" />
42-->src\main\AndroidManifest.xml:26:13-49
43        <activity
43-->src\main\AndroidManifest.xml:27:9-29:52
44            android:name="com.example.cpgui.SignUpFaculty"
44-->src\main\AndroidManifest.xml:28:13-42
45            android:screenOrientation="portrait" />
45-->src\main\AndroidManifest.xml:29:13-49
46        <activity
46-->src\main\AndroidManifest.xml:30:9-32:52
47            android:name="com.example.cpgui.SignUpPro"
47-->src\main\AndroidManifest.xml:31:13-38
48            android:screenOrientation="portrait" />
48-->src\main\AndroidManifest.xml:32:13-49
49        <activity
49-->src\main\AndroidManifest.xml:33:9-35:52
50            android:name="com.example.cpgui.SignUp"
50-->src\main\AndroidManifest.xml:34:13-35
51            android:screenOrientation="portrait" />
51-->src\main\AndroidManifest.xml:35:13-49
52        <activity
52-->src\main\AndroidManifest.xml:36:9-38:52
53            android:name="com.example.cpgui.activity_login"
53-->src\main\AndroidManifest.xml:37:13-43
54            android:screenOrientation="portrait" />
54-->src\main\AndroidManifest.xml:38:13-49
55        <activity
55-->src\main\AndroidManifest.xml:39:9-47:20
56            android:name="com.example.cpgui.MainActivity"
56-->src\main\AndroidManifest.xml:40:13-41
57            android:screenOrientation="portrait" >
57-->src\main\AndroidManifest.xml:41:13-49
58            <intent-filter>
58-->src\main\AndroidManifest.xml:42:13-46:29
59                <action android:name="android.intent.action.MAIN" />
59-->src\main\AndroidManifest.xml:43:17-69
59-->src\main\AndroidManifest.xml:43:25-66
60
61                <category android:name="android.intent.category.LAUNCHER" />
61-->src\main\AndroidManifest.xml:45:17-77
61-->src\main\AndroidManifest.xml:45:27-74
62            </intent-filter>
63        </activity>
64
65        <meta-data
65-->src\main\AndroidManifest.xml:49:9-51:55
66            android:name="com.google.android.geo.API_KEY"
66-->src\main\AndroidManifest.xml:50:13-58
67            android:value="@string/google_maps_key" />
67-->src\main\AndroidManifest.xml:51:13-52
68
69        <activity
69-->[com.google.firebase:firebase-auth:16.0.5] AndroidManifest.xml:24:9-31:50
70            android:name="com.google.firebase.auth.internal.FederatedSignInActivity"
70-->[com.google.firebase:firebase-auth:16.0.5] AndroidManifest.xml:25:13-85
71            android:excludeFromRecents="true"
71-->[com.google.firebase:firebase-auth:16.0.5] AndroidManifest.xml:26:13-46
72            android:exported="true"
72-->[com.google.firebase:firebase-auth:16.0.5] AndroidManifest.xml:27:13-36
73            android:launchMode="singleTask"
73-->[com.google.firebase:firebase-auth:16.0.5] AndroidManifest.xml:28:13-44
74            android:permission="com.google.firebase.auth.api.gms.permission.LAUNCH_FEDERATED_SIGN_IN"
74-->[com.google.firebase:firebase-auth:16.0.5] AndroidManifest.xml:29:13-102
75            android:theme="@android:style/Theme.Translucent.NoTitleBar" />
75-->[com.google.firebase:firebase-auth:16.0.5] AndroidManifest.xml:30:13-72
76
77        <service
77-->[com.google.firebase:firebase-auth:16.0.5] AndroidManifest.xml:33:9-39:19
78            android:name="com.google.firebase.components.ComponentDiscoveryService"
78-->[com.google.firebase:firebase-auth:16.0.5] AndroidManifest.xml:34:13-84
79            android:exported="false" >
79-->[com.google.firebase:firebase-auth:16.0.5] AndroidManifest.xml:35:13-37
80            <meta-data
80-->[com.google.firebase:firebase-auth:16.0.5] AndroidManifest.xml:36:13-38:85
81                android:name="com.google.firebase.components:com.google.firebase.auth.FirebaseAuthRegistrar"
81-->[com.google.firebase:firebase-auth:16.0.5] AndroidManifest.xml:37:17-109
82                android:value="com.google.firebase.components.ComponentRegistrar" />
82-->[com.google.firebase:firebase-auth:16.0.5] AndroidManifest.xml:38:17-82
83        </service> <!-- Needs to be explicitly declared on P+ -->
84        <uses-library
84-->[com.google.android.gms:play-services-maps:16.1.0] AndroidManifest.xml:33:9-35:40
85            android:name="org.apache.http.legacy"
85-->[com.google.android.gms:play-services-maps:16.1.0] AndroidManifest.xml:34:13-50
86            android:required="false" />
86-->[com.google.android.gms:play-services-maps:16.1.0] AndroidManifest.xml:35:13-37
87
88        <activity
88-->[com.google.android.gms:play-services-base:16.0.1] AndroidManifest.xml:23:9-26:75
89            android:name="com.google.android.gms.common.api.GoogleApiActivity"
89-->[com.google.android.gms:play-services-base:16.0.1] AndroidManifest.xml:24:13-79
90            android:exported="false"
90-->[com.google.android.gms:play-services-base:16.0.1] AndroidManifest.xml:25:13-37
91            android:theme="@android:style/Theme.Translucent.NoTitleBar" />
91-->[com.google.android.gms:play-services-base:16.0.1] AndroidManifest.xml:26:13-72
92
93        <provider
93-->[com.google.firebase:firebase-common:16.0.3] AndroidManifest.xml:10:9-14:39
94            android:name="com.google.firebase.provider.FirebaseInitProvider"
94-->[com.google.firebase:firebase-common:16.0.3] AndroidManifest.xml:11:13-77
95            android:authorities="com.example.cpgui.firebaseinitprovider"
95-->[com.google.firebase:firebase-common:16.0.3] AndroidManifest.xml:12:13-72
96            android:exported="false"
96-->[com.google.firebase:firebase-common:16.0.3] AndroidManifest.xml:13:13-37
97            android:initOrder="100" />
97-->[com.google.firebase:firebase-common:16.0.3] AndroidManifest.xml:14:13-36
98
99        <meta-data
99-->[com.google.android.gms:play-services-basement:16.1.0] AndroidManifest.xml:23:9-25:69
100            android:name="com.google.android.gms.version"
100-->[com.google.android.gms:play-services-basement:16.1.0] AndroidManifest.xml:24:13-58
101            android:value="@integer/google_play_services_version" />
101-->[com.google.android.gms:play-services-basement:16.1.0] AndroidManifest.xml:25:13-66
102
103        <provider
103-->[androidx.lifecycle:lifecycle-process:2.0.0] AndroidManifest.xml:23:9-27:43
104            android:name="androidx.lifecycle.ProcessLifecycleOwnerInitializer"
104-->[androidx.lifecycle:lifecycle-process:2.0.0] AndroidManifest.xml:24:13-79
105            android:authorities="com.example.cpgui.lifecycle-process"
105-->[androidx.lifecycle:lifecycle-process:2.0.0] AndroidManifest.xml:25:13-69
106            android:exported="false"
106-->[androidx.lifecycle:lifecycle-process:2.0.0] AndroidManifest.xml:26:13-37
107            android:multiprocess="true" />
107-->[androidx.lifecycle:lifecycle-process:2.0.0] AndroidManifest.xml:27:13-40
108    </application>
109
110</manifest>